<?xml version="1.0" encoding="UTF-8"?>
<!-- Generated by org.testng.reporters.JUnitXMLReporter -->
<testsuite ignored="0" hostname="LAPTOP-UOQGOBBH" failures="0" tests="27" name="Default test" time="93.006" errors="0" timestamp="2025-01-27T15:39:24 IST">
  <testcase classname="runners.AutomationTesting" name="verificationOfTitle" time="0.049"/>
  <testcase classname="runners.AutomationTesting" name="verificationOfHome" time="0.113"/>
  <testcase classname="runners.AutomationTesting" name="verificationOfAbout" time="0.063"/>
  <testcase classname="runners.AutomationTesting" name="verificationOfPrograms" time="0.039"/>
  <testcase classname="runners.AutomationTesting" name="verificationOfServices" time="0.042"/>
  <testcase classname="runners.AutomationTesting" name="verificationOfCPR" time="0.043"/>
  <testcase classname="runners.AutomationTesting" name="verificationOfContactUs" time="0.042"/>
  <testcase classname="runners.AutomationTesting" name="verificationOfNews" time="0.035"/>
  <testcase classname="runners.AutomationTesting" name="verificationOfMyAccount" time="0.036"/>
  <testcase classname="runners.AutomationTesting" name="verificationOfQuitTobaccoProgram" time="0.176"/>
  <testcase classname="runners.AutomationTesting" name="verificationOfAHECScholars" time="0.159"/>
  <testcase classname="runners.AutomationTesting" name="verificationOfHealthyAgingPrograms" time="0.131"/>
  <testcase classname="runners.AutomationTesting" name="verificationOfCoveringFlorida" time="0.141"/>
  <testcase classname="runners.AutomationTesting" name="testingFunctionalityOfSearchBar" time="1.384"/>
  <testcase classname="runners.AutomationTesting" name="testingFunctionalityOfTobaccoProgramLink" time="1.637"/>
  <testcase classname="runners.AutomationTesting" name="testingFunctionalityOfAHECScholarsProgramLink" time="2.703"/>
  <testcase classname="runners.AutomationTesting" name="testingFunctionaityOfHealthyAgingProgramLink" time="2.329"/>
  <testcase classname="runners.AutomationTesting" name="testingFunctionalityOfCoveringFloridaProgramLink" time="4.447"/>
  <testcase classname="runners.AutomationTesting" name="testingFuncitonalityOfCommunityBasedEducationServices" time="1.007"/>
  <testcase classname="runners.AutomationTesting" name="testingFunctionalityOfContinuingEducationServices" time="1.049"/>
  <testcase classname="runners.AutomationTesting" name="testingTobaccoProgramContentAndResourceQuitTobacco" time="5.274"/>
  <testcase classname="runners.AutomationTesting" name="testingTobaccoProgramContentAndResourceSystemChange" time="5.701"/>
  <testcase classname="runners.AutomationTesting" name="testingAHECScholarsProgramContentAndResources" time="1.305"/>
  <testcase classname="runners.AutomationTesting" name="testingHealthyAgingProgramContentAndResources" time="4.89"/>
  <testcase classname="runners.AutomationTesting" name="testingCoveringFloridaProgramContentAndResources" time="18.259"/>
  <testcase classname="runners.AutomationTesting" name="contactUsPage" time="0.967"/>
  <testcase classname="runners.AutomationTesting" name="userRegistration" time="15.87"/>
</testsuite> <!-- Default test -->
