<?xml version="1.0" encoding="UTF-8"?>
<testng-results ignored="0" total="27" passed="27" failed="0" skipped="0">
  <reporter-output>
  </reporter-output>
  <suite started-at="2025-01-27T15:37:51 IST" name="Default suite" finished-at="2025-01-27T15:39:24 IST" duration-ms="93006">
    <groups>
    </groups>
    <test started-at="2025-01-27T15:37:51 IST" name="Default test" finished-at="2025-01-27T15:39:24 IST" duration-ms="93006">
      <class name="runners.AutomationTesting">
        <test-method is-config="true" signature="setUp(java.lang.String)[pri:0, instance:runners.AutomationTesting@2f9f7dcf]" started-at="2025-01-27T15:37:51 IST" name="setUp" finished-at="2025-01-27T15:38:15 IST" duration-ms="24305" status="PASS">
          <params>
            <param index="0">
              <value>
                <![CDATA[chrome]]>
              </value>
            </param>
          </params>
          <reporter-output>
          </reporter-output>
        </test-method> <!-- setUp -->
        <test-method signature="verificationOfTitle()[pri:1, instance:runners.AutomationTesting@2f9f7dcf]" started-at="2025-01-27T15:38:15 IST" name="verificationOfTitle" finished-at="2025-01-27T15:38:15 IST" duration-ms="49" status="PASS">
          <reporter-output>
          </reporter-output>
        </test-method> <!-- verificationOfTitle -->
        <test-method signature="verificationOfHome()[pri:2, instance:runners.AutomationTesting@2f9f7dcf]" started-at="2025-01-27T15:38:15 IST" name="verificationOfHome" finished-at="2025-01-27T15:38:16 IST" duration-ms="113" status="PASS">
          <reporter-output>
          </reporter-output>
        </test-method> <!-- verificationOfHome -->
        <test-method signature="verificationOfAbout()[pri:3, instance:runners.AutomationTesting@2f9f7dcf]" started-at="2025-01-27T15:38:16 IST" name="verificationOfAbout" finished-at="2025-01-27T15:38:16 IST" duration-ms="63" status="PASS">
          <reporter-output>
          </reporter-output>
        </test-method> <!-- verificationOfAbout -->
        <test-method signature="verificationOfPrograms()[pri:4, instance:runners.AutomationTesting@2f9f7dcf]" started-at="2025-01-27T15:38:16 IST" name="verificationOfPrograms" finished-at="2025-01-27T15:38:16 IST" duration-ms="39" status="PASS">
          <reporter-output>
          </reporter-output>
        </test-method> <!-- verificationOfPrograms -->
        <test-method signature="verificationOfServices()[pri:5, instance:runners.AutomationTesting@2f9f7dcf]" started-at="2025-01-27T15:38:16 IST" name="verificationOfServices" finished-at="2025-01-27T15:38:16 IST" duration-ms="42" status="PASS">
          <reporter-output>
          </reporter-output>
        </test-method> <!-- verificationOfServices -->
        <test-method signature="verificationOfCPR()[pri:6, instance:runners.AutomationTesting@2f9f7dcf]" started-at="2025-01-27T15:38:16 IST" name="verificationOfCPR" finished-at="2025-01-27T15:38:16 IST" duration-ms="43" status="PASS">
          <reporter-output>
          </reporter-output>
        </test-method> <!-- verificationOfCPR -->
        <test-method signature="verificationOfContactUs()[pri:7, instance:runners.AutomationTesting@2f9f7dcf]" started-at="2025-01-27T15:38:16 IST" name="verificationOfContactUs" finished-at="2025-01-27T15:38:16 IST" duration-ms="42" status="PASS">
          <reporter-output>
          </reporter-output>
        </test-method> <!-- verificationOfContactUs -->
        <test-method signature="verificationOfNews()[pri:8, instance:runners.AutomationTesting@2f9f7dcf]" started-at="2025-01-27T15:38:16 IST" name="verificationOfNews" finished-at="2025-01-27T15:38:16 IST" duration-ms="35" status="PASS">
          <reporter-output>
          </reporter-output>
        </test-method> <!-- verificationOfNews -->
        <test-method signature="verificationOfMyAccount()[pri:9, instance:runners.AutomationTesting@2f9f7dcf]" started-at="2025-01-27T15:38:16 IST" name="verificationOfMyAccount" finished-at="2025-01-27T15:38:16 IST" duration-ms="36" status="PASS">
          <reporter-output>
          </reporter-output>
        </test-method> <!-- verificationOfMyAccount -->
        <test-method signature="verificationOfQuitTobaccoProgram()[pri:10, instance:runners.AutomationTesting@2f9f7dcf]" started-at="2025-01-27T15:38:16 IST" name="verificationOfQuitTobaccoProgram" finished-at="2025-01-27T15:38:16 IST" duration-ms="176" status="PASS">
          <reporter-output>
          </reporter-output>
        </test-method> <!-- verificationOfQuitTobaccoProgram -->
        <test-method signature="verificationOfAHECScholars()[pri:11, instance:runners.AutomationTesting@2f9f7dcf]" started-at="2025-01-27T15:38:16 IST" name="verificationOfAHECScholars" finished-at="2025-01-27T15:38:16 IST" duration-ms="159" status="PASS">
          <reporter-output>
          </reporter-output>
        </test-method> <!-- verificationOfAHECScholars -->
        <test-method signature="verificationOfHealthyAgingPrograms()[pri:12, instance:runners.AutomationTesting@2f9f7dcf]" started-at="2025-01-27T15:38:16 IST" name="verificationOfHealthyAgingPrograms" finished-at="2025-01-27T15:38:16 IST" duration-ms="131" status="PASS">
          <reporter-output>
          </reporter-output>
        </test-method> <!-- verificationOfHealthyAgingPrograms -->
        <test-method signature="verificationOfCoveringFlorida()[pri:13, instance:runners.AutomationTesting@2f9f7dcf]" started-at="2025-01-27T15:38:16 IST" name="verificationOfCoveringFlorida" finished-at="2025-01-27T15:38:17 IST" duration-ms="141" status="PASS">
          <reporter-output>
          </reporter-output>
        </test-method> <!-- verificationOfCoveringFlorida -->
        <test-method signature="testingFunctionalityOfSearchBar()[pri:14, instance:runners.AutomationTesting@2f9f7dcf]" started-at="2025-01-27T15:38:17 IST" name="testingFunctionalityOfSearchBar" finished-at="2025-01-27T15:38:18 IST" duration-ms="1384" status="PASS">
          <reporter-output>
          </reporter-output>
        </test-method> <!-- testingFunctionalityOfSearchBar -->
        <test-method signature="testingFunctionalityOfTobaccoProgramLink()[pri:15, instance:runners.AutomationTesting@2f9f7dcf]" started-at="2025-01-27T15:38:18 IST" name="testingFunctionalityOfTobaccoProgramLink" finished-at="2025-01-27T15:38:20 IST" duration-ms="1637" status="PASS">
          <reporter-output>
          </reporter-output>
        </test-method> <!-- testingFunctionalityOfTobaccoProgramLink -->
        <test-method signature="testingFunctionalityOfAHECScholarsProgramLink()[pri:16, instance:runners.AutomationTesting@2f9f7dcf]" started-at="2025-01-27T15:38:20 IST" name="testingFunctionalityOfAHECScholarsProgramLink" finished-at="2025-01-27T15:38:22 IST" duration-ms="2703" status="PASS">
          <reporter-output>
          </reporter-output>
        </test-method> <!-- testingFunctionalityOfAHECScholarsProgramLink -->
        <test-method signature="testingFunctionaityOfHealthyAgingProgramLink()[pri:17, instance:runners.AutomationTesting@2f9f7dcf]" started-at="2025-01-27T15:38:22 IST" name="testingFunctionaityOfHealthyAgingProgramLink" finished-at="2025-01-27T15:38:25 IST" duration-ms="2329" status="PASS">
          <reporter-output>
          </reporter-output>
        </test-method> <!-- testingFunctionaityOfHealthyAgingProgramLink -->
        <test-method signature="testingFunctionalityOfCoveringFloridaProgramLink()[pri:18, instance:runners.AutomationTesting@2f9f7dcf]" started-at="2025-01-27T15:38:25 IST" name="testingFunctionalityOfCoveringFloridaProgramLink" finished-at="2025-01-27T15:38:29 IST" duration-ms="4447" status="PASS">
          <reporter-output>
          </reporter-output>
        </test-method> <!-- testingFunctionalityOfCoveringFloridaProgramLink -->
        <test-method signature="testingFuncitonalityOfCommunityBasedEducationServices()[pri:19, instance:runners.AutomationTesting@2f9f7dcf]" started-at="2025-01-27T15:38:29 IST" name="testingFuncitonalityOfCommunityBasedEducationServices" finished-at="2025-01-27T15:38:30 IST" duration-ms="1007" status="PASS">
          <reporter-output>
          </reporter-output>
        </test-method> <!-- testingFuncitonalityOfCommunityBasedEducationServices -->
        <test-method signature="testingFunctionalityOfContinuingEducationServices()[pri:20, instance:runners.AutomationTesting@2f9f7dcf]" started-at="2025-01-27T15:38:30 IST" name="testingFunctionalityOfContinuingEducationServices" finished-at="2025-01-27T15:38:31 IST" duration-ms="1049" status="PASS">
          <reporter-output>
          </reporter-output>
        </test-method> <!-- testingFunctionalityOfContinuingEducationServices -->
        <test-method signature="testingTobaccoProgramContentAndResourceQuitTobacco()[pri:21, instance:runners.AutomationTesting@2f9f7dcf]" started-at="2025-01-27T15:38:31 IST" name="testingTobaccoProgramContentAndResourceQuitTobacco" finished-at="2025-01-27T15:38:36 IST" duration-ms="5274" status="PASS">
          <reporter-output>
          </reporter-output>
        </test-method> <!-- testingTobaccoProgramContentAndResourceQuitTobacco -->
        <test-method signature="testingTobaccoProgramContentAndResourceSystemChange()[pri:22, instance:runners.AutomationTesting@2f9f7dcf]" started-at="2025-01-27T15:38:36 IST" name="testingTobaccoProgramContentAndResourceSystemChange" finished-at="2025-01-27T15:38:42 IST" duration-ms="5701" status="PASS">
          <reporter-output>
          </reporter-output>
        </test-method> <!-- testingTobaccoProgramContentAndResourceSystemChange -->
        <test-method signature="testingAHECScholarsProgramContentAndResources()[pri:23, instance:runners.AutomationTesting@2f9f7dcf]" started-at="2025-01-27T15:38:42 IST" name="testingAHECScholarsProgramContentAndResources" finished-at="2025-01-27T15:38:43 IST" duration-ms="1305" status="PASS">
          <reporter-output>
          </reporter-output>
        </test-method> <!-- testingAHECScholarsProgramContentAndResources -->
        <test-method signature="testingHealthyAgingProgramContentAndResources()[pri:24, instance:runners.AutomationTesting@2f9f7dcf]" started-at="2025-01-27T15:38:43 IST" name="testingHealthyAgingProgramContentAndResources" finished-at="2025-01-27T15:38:48 IST" duration-ms="4890" status="PASS">
          <reporter-output>
          </reporter-output>
        </test-method> <!-- testingHealthyAgingProgramContentAndResources -->
        <test-method signature="testingCoveringFloridaProgramContentAndResources()[pri:25, instance:runners.AutomationTesting@2f9f7dcf]" started-at="2025-01-27T15:38:48 IST" name="testingCoveringFloridaProgramContentAndResources" finished-at="2025-01-27T15:39:07 IST" duration-ms="18259" status="PASS">
          <reporter-output>
          </reporter-output>
        </test-method> <!-- testingCoveringFloridaProgramContentAndResources -->
        <test-method signature="contactUsPage()[pri:26, instance:runners.AutomationTesting@2f9f7dcf]" started-at="2025-01-27T15:39:07 IST" name="contactUsPage" finished-at="2025-01-27T15:39:07 IST" duration-ms="967" status="PASS">
          <reporter-output>
          </reporter-output>
        </test-method> <!-- contactUsPage -->
        <test-method signature="userRegistration()[pri:27, instance:runners.AutomationTesting@2f9f7dcf]" started-at="2025-01-27T15:39:07 IST" name="userRegistration" finished-at="2025-01-27T15:39:23 IST" duration-ms="15870" status="PASS">
          <reporter-output>
          </reporter-output>
        </test-method> <!-- userRegistration -->
        <test-method is-config="true" signature="closeDriver()[pri:0, instance:runners.AutomationTesting@2f9f7dcf]" started-at="2025-01-27T15:39:23 IST" name="closeDriver" finished-at="2025-01-27T15:39:24 IST" duration-ms="713" status="PASS">
          <reporter-output>
          </reporter-output>
        </test-method> <!-- closeDriver -->
      </class> <!-- runners.AutomationTesting -->
    </test> <!-- Default test -->
  </suite> <!-- Default suite -->
</testng-results>
